# JRE version: Java(TM) SE Runtime Environment (8.0_77-b03) (build 1.8.0_77-b03)
# Java VM: Java HotSpot(TM) 64-Bit Server VM (25.77-b03 mixed mode windows-amd64 compressed oops)
Heap:
 PSYoungGen      total 365568K, used 73847K [0x000000076b400000, 0x0000000785380000, 0x00000007c0000000)
  eden space 349696K, 21% used [0x000000076b400000,0x000000076fc1dcd0,0x0000000780980000)
  from space 15872K, 0% used [0x0000000781a80000,0x0000000781a80000,0x0000000782a00000)
  to   space 17408K, 0% used [0x0000000780980000,0x0000000780980000,0x0000000781a80000)
 ParOldGen       total 155136K, used 28325K [0x00000006c1c00000, 0x00000006cb380000, 0x000000076b400000)
  object space 155136K, 18% used [0x00000006c1c00000,0x00000006c37a95e8,0x00000006cb380000)
 Metaspace       used 61215K, capacity 61808K, committed 62336K, reserved 1103872K
  class space    used 7847K, capacity 8008K, committed 8064K, reserved 1048576K
GC Heap History (10 events):
Event: 3.514 GC heap before
{Heap before GC invocations=9 (full 2):
 PSYoungGen      total 223232K, used 9913K [0x000000076b400000, 0x0000000780b80000, 0x00000007c0000000)
  eden space 212480K, 0% used [0x000000076b400000,0x000000076b400000,0x0000000778380000)
  from space 10752K, 92% used [0x0000000778380000,0x0000000778d2e428,0x0000000778e00000)
  to   space 11264K, 0% used [0x0000000780080000,0x0000000780080000,0x0000000780b80000)
 ParOldGen       total 94720K, used 7491K [0x00000006c1c00000, 0x00000006c7880000, 0x000000076b400000)
  object space 94720K, 7% used [0x00000006c1c00000,0x00000006c2350f58,0x00000006c7880000)
 Metaspace       used 34846K, capacity 35316K, committed 35496K, reserved 1081344K
  class space    used 4424K, capacity 4555K, committed 4608K, reserved 1048576K
Event: 3.591 GC heap after
Heap after GC invocations=9 (full 2):
 PSYoungGen      total 223232K, used 0K [0x000000076b400000, 0x0000000780b80000, 0x00000007c0000000)
  eden space 212480K, 0% used [0x000000076b400000,0x000000076b400000,0x0000000778380000)
  from space 10752K, 0% used [0x0000000778380000,0x0000000778380000,0x0000000778e00000)
  to   space 11264K, 0% used [0x0000000780080000,0x0000000780080000,0x0000000780b80000)
 ParOldGen       total 155136K, used 16071K [0x00000006c1c00000, 0x00000006cb380000, 0x000000076b400000)
  object space 155136K, 10% used [0x00000006c1c00000,0x00000006c2bb1ea0,0x00000006cb380000)
 Metaspace       used 34846K, capacity 35316K, committed 35496K, reserved 1081344K
  class space    used 4424K, capacity 4555K, committed 4608K, reserved 1048576K
}
Event: 4.741 GC heap before
{Heap before GC invocations=10 (full 2):
 PSYoungGen      total 223232K, used 212480K [0x000000076b400000, 0x0000000780b80000, 0x00000007c0000000)
  eden space 212480K, 100% used [0x000000076b400000,0x0000000778380000,0x0000000778380000)
  from space 10752K, 0% used [0x0000000778380000,0x0000000778380000,0x0000000778e00000)
  to   space 11264K, 0% used [0x0000000780080000,0x0000000780080000,0x0000000780b80000)
 ParOldGen       total 155136K, used 16071K [0x00000006c1c00000, 0x00000006cb380000, 0x000000076b400000)
  object space 155136K, 10% used [0x00000006c1c00000,0x00000006c2bb1ea0,0x00000006cb380000)
 Metaspace       used 44017K, capacity 44526K, committed 44800K, reserved 1087488K
  class space    used 5740K, capacity 5846K, committed 5888K, reserved 1048576K
Event: 4.750 GC heap after
Heap after GC invocations=10 (full 2):
 PSYoungGen      total 303104K, used 11253K [0x000000076b400000, 0x0000000780b80000, 0x00000007c0000000)
  eden space 291840K, 0% used [0x000000076b400000,0x000000076b400000,0x000000077d100000)
  from space 11264K, 99% used [0x0000000780080000,0x0000000780b7d6c8,0x0000000780b80000)
  to   space 12800K, 0% used [0x000000077f280000,0x000000077f280000,0x000000077ff00000)
 ParOldGen       total 155136K, used 18715K [0x00000006c1c00000, 0x00000006cb380000, 0x000000076b400000)
  object space 155136K, 12% used [0x00000006c1c00000,0x00000006c2e46f70,0x00000006cb380000)
 Metaspace       used 44017K, capacity 44526K, committed 44800K, reserved 1087488K
  class space    used 5740K, capacity 5846K, committed 5888K, reserved 1048576K
}
Event: 6.170 GC heap before
{Heap before GC invocations=11 (full 2):
 PSYoungGen      total 303104K, used 303093K [0x000000076b400000, 0x0000000780b80000, 0x00000007c0000000)
  eden space 291840K, 100% used [0x000000076b400000,0x000000077d100000,0x000000077d100000)
  from space 11264K, 99% used [0x0000000780080000,0x0000000780b7d6c8,0x0000000780b80000)
  to   space 12800K, 0% used [0x000000077f280000,0x000000077f280000,0x000000077ff00000)
 ParOldGen       total 155136K, used 18715K [0x00000006c1c00000, 0x00000006cb380000, 0x000000076b400000)
  object space 155136K, 12% used [0x00000006c1c00000,0x00000006c2e46f70,0x00000006cb380000)
 Metaspace       used 50975K, capacity 51550K, committed 51968K, reserved 1093632K
  class space    used 6697K, capacity 6853K, committed 6912K, reserved 1048576K
Event: 6.179 GC heap after
Heap after GC invocations=11 (full 2):
 PSYoungGen      total 338944K, used 12792K [0x000000076b400000, 0x0000000782a00000, 0x00000007c0000000)
  eden space 326144K, 0% used [0x000000076b400000,0x000000076b400000,0x000000077f280000)
  from space 12800K, 99% used [0x000000077f280000,0x000000077fefe050,0x000000077ff00000)
  to   space 15872K, 0% used [0x0000000781a80000,0x0000000781a80000,0x0000000782a00000)
 ParOldGen       total 155136K, used 23183K [0x00000006c1c00000, 0x00000006cb380000, 0x000000076b400000)
  object space 155136K, 14% used [0x00000006c1c00000,0x00000006c32a3fa8,0x00000006cb380000)
 Metaspace       used 50975K, capacity 51550K, committed 51968K, reserved 1093632K
  class space    used 6697K, capacity 6853K, committed 6912K, reserved 1048576K
}
Event: 7.172 GC heap before
{Heap before GC invocations=12 (full 2):
 PSYoungGen      total 338944K, used 201685K [0x000000076b400000, 0x0000000782a00000, 0x00000007c0000000)
  eden space 326144K, 57% used [0x000000076b400000,0x0000000776c775b8,0x000000077f280000)
  from space 12800K, 99% used [0x000000077f280000,0x000000077fefe050,0x000000077ff00000)
  to   space 15872K, 0% used [0x0000000781a80000,0x0000000781a80000,0x0000000782a00000)
 ParOldGen       total 155136K, used 23183K [0x00000006c1c00000, 0x00000006cb380000, 0x000000076b400000)
  object space 155136K, 14% used [0x00000006c1c00000,0x00000006c32a3fa8,0x00000006cb380000)
 Metaspace       used 58260K, capacity 58832K, committed 59136K, reserved 1101824K
  class space    used 7496K, capacity 7656K, committed 7680K, reserved 1048576K
Event: 7.184 GC heap after
Heap after GC invocations=12 (full 2):
 PSYoungGen      total 365568K, used 15414K [0x000000076b400000, 0x0000000785380000, 0x00000007c0000000)
  eden space 349696K, 0% used [0x000000076b400000,0x000000076b400000,0x0000000780980000)
  from space 15872K, 97% used [0x0000000781a80000,0x000000078298d948,0x0000000782a00000)
  to   space 17408K, 0% used [0x0000000780980000,0x0000000780980000,0x0000000781a80000)
 ParOldGen       total 155136K, used 27620K [0x00000006c1c00000, 0x00000006cb380000, 0x000000076b400000)
  object space 155136K, 17% used [0x00000006c1c00000,0x00000006c36f92b8,0x00000006cb380000)
 Metaspace       used 58260K, capacity 58832K, committed 59136K, reserved 1101824K
  class space    used 7496K, capacity 7656K, committed 7680K, reserved 1048576K
}
Event: 7.184 GC heap before
{Heap before GC invocations=13 (full 3):
 PSYoungGen      total 365568K, used 15414K [0x000000076b400000, 0x0000000785380000, 0x00000007c0000000)
  eden space 349696K, 0% used [0x000000076b400000,0x000000076b400000,0x0000000780980000)
  from space 15872K, 97% used [0x0000000781a80000,0x000000078298d948,0x0000000782a00000)
  to   space 17408K, 0% used [0x0000000780980000,0x0000000780980000,0x0000000781a80000)
 ParOldGen       total 155136K, used 27620K [0x00000006c1c00000, 0x00000006cb380000, 0x000000076b400000)
  object space 155136K, 17% used [0x00000006c1c00000,0x00000006c36f92b8,0x00000006cb380000)
 Metaspace       used 58260K, capacity 58832K, committed 59136K, reserved 1101824K
  class space    used 7496K, capacity 7656K, committed 7680K, reserved 1048576K
Event: 7.287 GC heap after
Heap after GC invocations=13 (full 3):
 PSYoungGen      total 365568K, used 0K [0x000000076b400000, 0x0000000785380000, 0x00000007c0000000)
  eden space 349696K, 0% used [0x000000076b400000,0x000000076b400000,0x0000000780980000)
  from space 15872K, 0% used [0x0000000781a80000,0x0000000781a80000,0x0000000782a00000)
  to   space 17408K, 0% used [0x0000000780980000,0x0000000780980000,0x0000000781a80000)
 ParOldGen       total 155136K, used 28325K [0x00000006c1c00000, 0x00000006cb380000, 0x000000076b400000)
  object space 155136K, 18% used [0x00000006c1c00000,0x00000006c37a95e8,0x00000006cb380000)
 Metaspace       used 58260K, capacity 58832K, committed 59136K, reserved 1101824K
  class space    used 7496K, capacity 7656K, committed 7680K, reserved 1048576K
}

